[debug] [2022-12-17T22:10:01.953Z] ----------------------------------------------------------------------
[debug] [2022-12-17T22:10:01.955Z] Command:       C:\Program Files\nodejs\node.exe C:\Users\Moses O Kumie\AppData\Roaming\npm\node_modules\firebase-tools\lib\bin\firebase.js login
[debug] [2022-12-17T22:10:01.956Z] CLI Version:   11.18.0
[debug] [2022-12-17T22:10:01.956Z] Platform:      win32
[debug] [2022-12-17T22:10:01.957Z] Node Version:  v18.12.1
[debug] [2022-12-17T22:10:01.958Z] Time:          Sun Dec 18 2022 08:10:01 GMT+1000 (Papua New Guinea Time)
[debug] [2022-12-17T22:10:01.958Z] ----------------------------------------------------------------------
[debug] 
[debug] [2022-12-17T22:10:01.963Z] >>> [apiv2][query] GET https://firebase-public.firebaseio.com/cli.json [none]
[info] Already logged in as mokumie@gmail.com
[debug] [2022-12-17T22:10:09.523Z] <<< [apiv2][status] GET https://firebase-public.firebaseio.com/cli.json 200
[debug] [2022-12-17T22:10:09.525Z] <<< [apiv2][body] GET https://firebase-public.firebaseio.com/cli.json {"cloudBuildErrorAfter":1594252800000,"cloudBuildWarnAfter":1590019200000,"defaultNode10After":1594252800000,"minVersion":"3.0.5","node8DeploysDisabledAfter":1613390400000,"node8RuntimeDisabledAfter":1615809600000,"node8WarnAfter":1600128000000}
[debug] [2022-12-17T22:10:11.354Z] Error: Timed out.
    at Timeout.<anonymous> (C:\Users\Moses O Kumie\AppData\Roaming\npm\node_modules\firebase-tools\lib\utils.js:253:49)
    at listOnTimeout (node:internal/timers:564:17)
    at process.processTimers (node:internal/timers:507:7)
[error] 
[error] Error: An unexpected error has occurred.
[debug] [2022-12-17T22:10:42.064Z] ----------------------------------------------------------------------
[debug] [2022-12-17T22:10:42.066Z] Command:       C:\Program Files\nodejs\node.exe C:\Users\Moses O Kumie\AppData\Roaming\npm\node_modules\firebase-tools\lib\bin\firebase.js init
[debug] [2022-12-17T22:10:42.067Z] CLI Version:   11.18.0
[debug] [2022-12-17T22:10:42.067Z] Platform:      win32
[debug] [2022-12-17T22:10:42.067Z] Node Version:  v18.12.1
[debug] [2022-12-17T22:10:42.069Z] Time:          Sun Dec 18 2022 08:10:42 GMT+1000 (Papua New Guinea Time)
[debug] [2022-12-17T22:10:42.069Z] ----------------------------------------------------------------------
[debug] 
[debug] [2022-12-17T22:10:42.080Z] > command requires scopes: ["email","openid","https://www.googleapis.com/auth/cloudplatformprojects.readonly","https://www.googleapis.com/auth/firebase","https://www.googleapis.com/auth/cloud-platform"]
[debug] [2022-12-17T22:10:42.081Z] > authorizing via signed-in user (mokumie@gmail.com)
[info] 
     ######## #### ########  ######## ########     ###     ######  ########
     ##        ##  ##     ## ##       ##     ##  ##   ##  ##       ##
     ######    ##  ########  ######   ########  #########  ######  ######
     ##        ##  ##    ##  ##       ##     ## ##     ##       ## ##
     ##       #### ##     ## ######## ########  ##     ##  ######  ########

You're about to initialize a Firebase project in this directory:

  C:\Users\Moses O Kumie\Documents\Programming\JavaScript\ReactRedux\ReactTutorials\learnreact1

[info] 
=== Project Setup
[info] 
[info] First, let's associate this project directory with a Firebase project.
[info] You can create multiple project aliases by running firebase use --add, 
[info] but for now we'll just set up a default project.
[info] 
[debug] [2022-12-17T22:12:43.233Z] > refreshing access token with scopes: []
[debug] [2022-12-17T22:12:43.239Z] >>> [apiv2][query] POST https://www.googleapis.com/oauth2/v3/token [none]
[debug] [2022-12-17T22:12:43.239Z] >>> [apiv2][body] POST https://www.googleapis.com/oauth2/v3/token [omitted]
[debug] [2022-12-17T22:12:45.680Z] <<< [apiv2][status] POST https://www.googleapis.com/oauth2/v3/token 200
[debug] [2022-12-17T22:12:45.680Z] <<< [apiv2][body] POST https://www.googleapis.com/oauth2/v3/token [omitted]
[debug] [2022-12-17T22:12:45.700Z] >>> [apiv2][query] GET https://firebase.googleapis.com/v1beta1/projects pageSize=100
[debug] [2022-12-17T22:12:47.787Z] <<< [apiv2][status] GET https://firebase.googleapis.com/v1beta1/projects 200
[debug] [2022-12-17T22:12:47.788Z] <<< [apiv2][body] GET https://firebase.googleapis.com/v1beta1/projects [omitted]
[info] i  Using project react-course-5dc61 (React-Course) 
[info] 
=== Hosting Setup
[info] 
[info] Your public directory is the folder (relative to your project directory) that
[info] will contain Hosting assets to be uploaded with firebase deploy. If you
[info] have a build process for your assets, use your build's output directory.
[info] 
[info] +  Wrote public/404.html 
[debug] [2022-12-17T22:14:22.676Z] >>> [apiv2][query] GET https://www.gstatic.com/firebasejs/releases.json [none]
[debug] [2022-12-17T22:14:25.977Z] <<< [apiv2][status] GET https://www.gstatic.com/firebasejs/releases.json 200
[debug] [2022-12-17T22:14:25.977Z] <<< [apiv2][body] GET https://www.gstatic.com/firebasejs/releases.json {"current":{"version":"9.15.0","browserURL":"https://www.gstatic.com/firebasejs/9.15.0/firebase.js","packageURL":"https://www.gstatic.com/firebasejs/9.15.0/firebase.tgz"},"live":{"version":"9.15","browserURL":"https://www.gstatic.com/firebasejs/live/9.15/firebase.js","packageURL":"https://www.gstatic.com/firebasejs/live/9.15/firebase.tgz"},"components":{"analytics":"https://www.gstatic.com/firebasejs/9.15.0/firebase-analytics.js","app":"https://www.gstatic.com/firebasejs/9.15.0/firebase-app.js","app-check":"https://www.gstatic.com/firebasejs/9.15.0/firebase-app-check.js","auth":"https://www.gstatic.com/firebasejs/9.15.0/firebase-auth.js","auth/cordova":"https://www.gstatic.com/firebasejs/9.15.0/firebase-auth/cordova.js","auth/react-native":"https://www.gstatic.com/firebasejs/9.15.0/firebase-auth/react-native.js","functions":"https://www.gstatic.com/firebasejs/9.15.0/firebase-functions.js","firestore":"https://www.gstatic.com/firebasejs/9.15.0/firebase-firestore.js","firestore/lite":"https://www.gstatic.com/firebasejs/9.15.0/firebase-firestore/lite.js","installations":"https://www.gstatic.com/firebasejs/9.15.0/firebase-installations.js","storage":"https://www.gstatic.com/firebasejs/9.15.0/firebase-storage.js","performance":"https://www.gstatic.com/firebasejs/9.15.0/firebase-performance.js","remote-config":"https://www.gstatic.com/firebasejs/9.15.0/firebase-remote-config.js","messaging":"https://www.gstatic.com/firebasejs/9.15.0/firebase-messaging.js","messaging/sw":"https://www.gstatic.com/firebasejs/9.15.0/firebase-messaging/sw.js","database":"https://www.gstatic.com/firebasejs/9.15.0/firebase-database.js","firestore.memory":"https://www.gstatic.com/firebasejs/9.15.0/firebase-firestore.memory.js"}}
[info] i  Skipping write of public/index.html 
[info] 
[info] i  Detected a .git folder at C:\Users\Moses O Kumie\Documents\Programming\JavaScript\ReactRedux\ReactTutorials\learnreact1 
[info] i  Authorizing with GitHub to upload your service account to a GitHub repository's secrets store. 
[info] 
[info] Visit this URL on this device to log in:
[info] https://github.com/login/oauth/authorize?client_id=89cf50f02ac6aaed3484&state=846589085&redirect_uri=http%3A%2F%2Flocalhost%3A9005&scope=read%3Auser%20repo%20public_repo
[info] 
[info] Waiting for authentication...
[debug] [2022-12-17T22:15:13.486Z] >>> [apiv2][query] POST https://github.com/login/oauth/access_token [none]
[debug] [2022-12-17T22:15:13.486Z] >>> [apiv2][body] POST https://github.com/login/oauth/access_token [stream]
[debug] [2022-12-17T22:15:15.290Z] <<< [apiv2][status] POST https://github.com/login/oauth/access_token 200
[debug] [2022-12-17T22:15:15.290Z] <<< [apiv2][body] POST https://github.com/login/oauth/access_token {"access_token":"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","token_type":"bearer","scope":"read:user,repo"}
[debug] [2022-12-17T22:15:15.300Z] >>> [apiv2][query] GET https://api.github.com/user [none]
[debug] [2022-12-17T22:15:16.541Z] <<< [apiv2][status] GET https://api.github.com/user 200
[debug] [2022-12-17T22:15:16.541Z] <<< [apiv2][body] GET https://api.github.com/user {"login":"mkumie","id":27809097,"node_id":"MDQ6VXNlcjI3ODA5MDk3","avatar_url":"https://avatars.githubusercontent.com/u/27809097?v=4","gravatar_id":"","url":"https://api.github.com/users/mkumie","html_url":"https://github.com/mkumie","followers_url":"https://api.github.com/users/mkumie/followers","following_url":"https://api.github.com/users/mkumie/following{/other_user}","gists_url":"https://api.github.com/users/mkumie/gists{/gist_id}","starred_url":"https://api.github.com/users/mkumie/starred{/owner}{/repo}","subscriptions_url":"https://api.github.com/users/mkumie/subscriptions","organizations_url":"https://api.github.com/users/mkumie/orgs","repos_url":"https://api.github.com/users/mkumie/repos","events_url":"https://api.github.com/users/mkumie/events{/privacy}","received_events_url":"https://api.github.com/users/mkumie/received_events","type":"User","site_admin":false,"name":"Moses","company":null,"blog":"","location":"Papua New Guinea","email":"moses.kumie@outlook.com","hireable":null,"bio":"Sorry, but I don't know what to say right now. Maybe later.","twitter_username":null,"public_repos":2,"public_gists":0,"followers":0,"following":0,"created_at":"2017-04-20T10:06:27Z","updated_at":"2022-12-17T22:14:50Z","private_gists":0,"total_private_repos":5,"owned_private_repos":5,"disk_usage":17736,"collaborators":0,"two_factor_authentication":false,"plan":{"name":"free","space":976562499,"collaborators":0,"private_repos":10000}}
[info] 
[info] +  Success! Logged into GitHub as mkumie 
[info] 
